09:20:09.350 [restartedMain] INFO  o.a.d.s.b.c.e.WelcomeLogoApplicationListener:64 - 

 :: Dubbo Spring Boot (v3.0.7) : https://github.com/apache/dubbo-spring-boot-project
 :: Dubbo (v3.0.7) : https://github.com/apache/dubbo
 :: Discuss group : dev@dubbo.apache.org

09:20:09.442 [restartedMain] INFO  o.s.b.d.e.DevToolsPropertyDefaultsPostProcessor:225 - Devtools property defaults active! Set 'spring.devtools.add-properties' to 'false' to disable
09:20:09.443 [restartedMain] INFO  o.s.b.d.e.DevToolsPropertyDefaultsPostProcessor:225 - For additional web related logging consider setting the 'logging.level.web' property to 'DEBUG'
09:20:10.233 [restartedMain] INFO  o.s.c.a.ConfigurationClassPostProcessor:413 - Cannot enhance @Configuration bean definition 'org.apache.dubbo.spring.boot.autoconfigure.DubboRelaxedBinding2AutoConfiguration' since its singleton instance has been created too early. The typical cause is a non-static @Bean method with a BeanDefinitionRegistryPostProcessor return type: Consider declaring such methods as 'static'.
09:20:10.233 [restartedMain] INFO  o.s.c.a.ConfigurationClassPostProcessor:413 - Cannot enhance @Configuration bean definition 'org.apache.dubbo.spring.boot.autoconfigure.DubboAutoConfiguration' since its singleton instance has been created too early. The typical cause is a non-static @Bean method with a BeanDefinitionRegistryPostProcessor return type: Consider declaring such methods as 'static'.
09:20:10.455 [restartedMain] INFO  o.a.d.c.s.b.f.a.ReferenceAnnotationBeanPostProcessor:304 - class org.apache.dubbo.config.spring.beans.factory.annotation.ReferenceAnnotationBeanPostProcessor was destroying!
09:20:10.711 [restartedMain] INFO  o.s.b.w.e.tomcat.TomcatWebServer:108 - Tomcat initialized with port(s): 10004 (http)
09:20:10.718 [restartedMain] INFO  o.a.coyote.http11.Http11NioProtocol:173 - Initializing ProtocolHandler ["http-nio-10004"]
09:20:10.718 [restartedMain] INFO  o.a.catalina.core.StandardService:173 - Starting service [Tomcat]
09:20:10.718 [restartedMain] INFO  o.a.catalina.core.StandardEngine:173 - Starting Servlet engine: [Apache Tomcat/9.0.46]
09:20:10.720 [restartedMain] INFO  o.a.c.core.AprLifecycleListener:173 - Loaded Apache Tomcat Native library [1.2.28] using APR version [1.7.0].
09:20:10.720 [restartedMain] INFO  o.a.c.core.AprLifecycleListener:173 - APR capabilities: IPv6 [true], sendfile [true], accept filters [false], random [true].
09:20:10.720 [restartedMain] INFO  o.a.c.core.AprLifecycleListener:173 - APR/OpenSSL configuration: useAprConnector [false], useOpenSSL [true]
09:20:10.723 [restartedMain] INFO  o.a.c.core.AprLifecycleListener:173 - OpenSSL successfully initialized [OpenSSL 1.1.1k  25 Mar 2021]
09:20:10.791 [restartedMain] INFO  o.a.c.c.C.[Tomcat].[localhost].[/]:173 - Initializing Spring embedded WebApplicationContext
09:20:10.791 [restartedMain] INFO  o.s.b.w.s.c.ServletWebServerApplicationContext:285 - Root WebApplicationContext: initialization completed in 1348 ms
09:20:11.067 [restartedMain] INFO  o.s.b.d.a.OptionalLiveReloadServer:58 - LiveReload server is running on port 35729
09:20:11.073 [restartedMain] INFO  o.a.d.c.s.c.DubboConfigBeanInitializer:101 - loading dubbo config beans ...
09:20:11.076 [restartedMain] INFO  o.a.d.c.s.c.DubboConfigBeanInitializer:126 - dubbo config beans are loaded.
09:20:11.357 [restartedMain] INFO  o.s.s.c.ThreadPoolTaskExecutor:181 - Initializing ExecutorService 'applicationTaskExecutor'
09:20:11.737 [restartedMain] INFO  o.s.b.a.e.web.EndpointLinksResolver:58 - Exposing 2 endpoint(s) beneath base path '/actuator'
09:20:11.879 [restartedMain] INFO  o.a.coyote.http11.Http11NioProtocol:173 - Starting ProtocolHandler ["http-nio-10004"]
09:20:11.896 [restartedMain] INFO  o.s.b.w.e.tomcat.TomcatWebServer:220 - Tomcat started on port(s): 10004 (http) with context path ''
09:20:14.272 [restartedMain] INFO  o.s.b.a.l.ConditionEvaluationReportLoggingListener:136 - 

Error starting ApplicationContext. To display the conditions report re-run your application with 'debug' enabled.
09:20:14.298 [restartedMain] ERROR o.s.boot.SpringApplication:834 - Application run failed
java.lang.NoClassDefFoundError: com/google/common/collect/Maps
	at org.apache.dubbo.registry.nacos.util.NacosInstanceManageUtil.<clinit>(NacosInstanceManageUtil.java:40)
	at org.apache.dubbo.registry.nacos.NacosRegistry.doSubscribe(NacosRegistry.java:211)
	at org.apache.dubbo.registry.support.FailbackRegistry.subscribe(FailbackRegistry.java:297)
	at org.apache.dubbo.registry.ListenerRegistryWrapper.subscribe(ListenerRegistryWrapper.java:111)
	at org.apache.dubbo.registry.integration.RegistryProtocol.export(RegistryProtocol.java:260)
	at org.apache.dubbo.rpc.protocol.ProtocolListenerWrapper.export(ProtocolListenerWrapper.java:64)
	at org.apache.dubbo.qos.protocol.QosProtocolWrapper.export(QosProtocolWrapper.java:74)
	at org.apache.dubbo.rpc.cluster.filter.ProtocolFilterWrapper.export(ProtocolFilterWrapper.java:58)
	at org.apache.dubbo.rpc.protocol.ProtocolSerializationWrapper.export(ProtocolSerializationWrapper.java:47)
	at org.apache.dubbo.rpc.Protocol$Adaptive.export(Protocol$Adaptive.java)
	at org.apache.dubbo.config.ServiceConfig.doExportUrl(ServiceConfig.java:641)
	at org.apache.dubbo.config.ServiceConfig.exportRemote(ServiceConfig.java:619)
	at org.apache.dubbo.config.ServiceConfig.exportUrl(ServiceConfig.java:578)
	at org.apache.dubbo.config.ServiceConfig.doExportUrlsFor1Protocol(ServiceConfig.java:410)
	at org.apache.dubbo.config.ServiceConfig.doExportUrls(ServiceConfig.java:396)
	at org.apache.dubbo.config.ServiceConfig.doExport(ServiceConfig.java:361)
	at org.apache.dubbo.config.ServiceConfig.export(ServiceConfig.java:233)
	at org.apache.dubbo.config.deploy.DefaultModuleDeployer.exportServiceInternal(DefaultModuleDeployer.java:341)
	at org.apache.dubbo.config.deploy.DefaultModuleDeployer.exportServices(DefaultModuleDeployer.java:313)
	at org.apache.dubbo.config.deploy.DefaultModuleDeployer.start(DefaultModuleDeployer.java:145)
	at org.apache.dubbo.config.spring.context.DubboDeployApplicationListener.onContextRefreshedEvent(DubboDeployApplicationListener.java:111)
	at org.apache.dubbo.config.spring.context.DubboDeployApplicationListener.onApplicationEvent(DubboDeployApplicationListener.java:100)
	at org.apache.dubbo.config.spring.context.DubboDeployApplicationListener.onApplicationEvent(DubboDeployApplicationListener.java:45)
	at org.springframework.context.event.SimpleApplicationEventMulticaster.doInvokeListener(SimpleApplicationEventMulticaster.java:172)
	at org.springframework.context.event.SimpleApplicationEventMulticaster.invokeListener(SimpleApplicationEventMulticaster.java:165)
	at org.springframework.context.event.SimpleApplicationEventMulticaster.multicastEvent(SimpleApplicationEventMulticaster.java:139)
	at org.springframework.context.support.AbstractApplicationContext.publishEvent(AbstractApplicationContext.java:404)
	at org.springframework.context.support.AbstractApplicationContext.publishEvent(AbstractApplicationContext.java:361)
	at org.springframework.context.support.AbstractApplicationContext.finishRefresh(AbstractApplicationContext.java:898)
	at org.springframework.context.support.AbstractApplicationContext.refresh(AbstractApplicationContext.java:554)
	at org.springframework.boot.web.servlet.context.ServletWebServerApplicationContext.refresh(ServletWebServerApplicationContext.java:143)
	at org.springframework.boot.SpringApplication.refresh(SpringApplication.java:755)
	at org.springframework.boot.SpringApplication.refresh(SpringApplication.java:747)
	at org.springframework.boot.SpringApplication.refreshContext(SpringApplication.java:402)
	at org.springframework.boot.SpringApplication.run(SpringApplication.java:312)
	at org.springframework.boot.SpringApplication.run(SpringApplication.java:1247)
	at org.springframework.boot.SpringApplication.run(SpringApplication.java:1236)
	at com.zhangtao.springcloud.ProviderDubboMain10004.main(ProviderDubboMain10004.java:18)
	at sun.reflect.NativeMethodAccessorImpl.invoke0(Native Method)
	at sun.reflect.NativeMethodAccessorImpl.invoke(NativeMethodAccessorImpl.java:62)
	at sun.reflect.DelegatingMethodAccessorImpl.invoke(DelegatingMethodAccessorImpl.java:43)
	at java.lang.reflect.Method.invoke(Method.java:498)
	at org.springframework.boot.devtools.restart.RestartLauncher.run(RestartLauncher.java:49)
Caused by: java.lang.ClassNotFoundException: com.google.common.collect.Maps
	at java.net.URLClassLoader.findClass(URLClassLoader.java:381)
	at java.lang.ClassLoader.loadClass(ClassLoader.java:424)
	at sun.misc.Launcher$AppClassLoader.loadClass(Launcher.java:331)
	at java.lang.ClassLoader.loadClass(ClassLoader.java:357)
	... 43 common frames omitted
09:20:17.015 [restartedMain] INFO  o.s.s.c.ThreadPoolTaskExecutor:218 - Shutting down ExecutorService 'applicationTaskExecutor'
